2017-03-18 21:59:34 DEBUG Test:16 - This is debug
2017-03-18 21:59:34 ERROR Test:21 - This is error : 5
2017-03-18 21:59:34 ERROR Test:25 - This is error
java.lang.Exception: exception1
	at debug.Test.main(Test.java:23)
	at sun.reflect.NativeMethodAccessorImpl.invoke0(Native Method)
	at sun.reflect.NativeMethodAccessorImpl.invoke(NativeMethodAccessorImpl.java:62)
	at sun.reflect.DelegatingMethodAccessorImpl.invoke(DelegatingMethodAccessorImpl.java:43)
	at java.lang.reflect.Method.invoke(Method.java:498)
	at com.intellij.rt.execution.application.AppMain.main(AppMain.java:144)
2017-03-18 21:59:34 INFO  Test:28 - This is info message
2017-03-18 21:59:34 DEBUG Tools:14 - a is low than 5
2017-03-18 21:59:34 ERROR Tools:17 - a > 20
2017-03-18 22:01:28 DEBUG Test:16 - This is debug
2017-03-18 22:01:28 ERROR Test:21 - This is error : 5
2017-03-18 22:01:28 ERROR Test:25 - This is error
java.lang.Exception: exception1
	at debug.Test.main(Test.java:23)
2017-03-18 22:01:28 INFO  Test:28 - This is info message
2017-03-18 22:01:28 DEBUG Tools:14 - a is low than 5
2017-03-18 22:01:28 ERROR Tools:17 - a > 20
2017-03-18 22:01:50 DEBUG Test:16 - This is debug
2017-03-18 22:01:50 ERROR Test:21 - This is error : 5
2017-03-18 22:01:50 ERROR Test:25 - This is error
java.lang.Exception: exception1
	at debug.Test.main(Test.java:23)
	at sun.reflect.NativeMethodAccessorImpl.invoke0(Native Method)
	at sun.reflect.NativeMethodAccessorImpl.invoke(NativeMethodAccessorImpl.java:62)
	at sun.reflect.DelegatingMethodAccessorImpl.invoke(DelegatingMethodAccessorImpl.java:43)
	at java.lang.reflect.Method.invoke(Method.java:498)
	at com.intellij.rt.execution.application.AppMain.main(AppMain.java:144)
2017-03-18 22:01:50 INFO  Test:28 - This is info message
2017-03-18 22:01:50 DEBUG Tools:14 - a is low than 5
2017-03-18 22:01:50 ERROR Tools:17 - a > 20
2017-03-18 22:01:56 DEBUG Test:16 - This is debug
2017-03-18 22:01:56 ERROR Test:21 - This is error : 5
2017-03-18 22:01:56 ERROR Test:25 - This is error
java.lang.Exception: exception1
	at debug.Test.main(Test.java:23)
2017-03-18 22:01:56 INFO  Test:28 - This is info message
2017-03-18 22:03:08 DEBUG Tools:14 - a is low than 5
2017-03-18 22:03:15 ERROR Tools:17 - a > 20
2017-03-18 22:04:44 INFO  Test:14 - This is info messagetoto
2017-03-18 22:04:44 DEBUG Test:17 - This is debug
2017-03-18 22:04:44 ERROR Test:22 - This is error : 5
2017-03-18 22:04:44 ERROR Test:26 - This is error
java.lang.Exception: exception1
	at debug.Test.main(Test.java:24)
	at sun.reflect.NativeMethodAccessorImpl.invoke0(Native Method)
	at sun.reflect.NativeMethodAccessorImpl.invoke(NativeMethodAccessorImpl.java:62)
	at sun.reflect.DelegatingMethodAccessorImpl.invoke(DelegatingMethodAccessorImpl.java:43)
	at java.lang.reflect.Method.invoke(Method.java:498)
	at com.intellij.rt.execution.application.AppMain.main(AppMain.java:144)
2017-03-18 22:04:44 INFO  Test:29 - This is info message
2017-03-18 22:04:44 DEBUG Tools:14 - a is low than 5
2017-03-18 22:04:44 ERROR Tools:17 - a > 20
